<?xml version="1.0" encoding="UTF-8"?>
<!-- Generated by org.testng.reporters.JUnitReportReporter -->
<testsuite hostname="WIN-GMS89A67HUR" name="ru.st.selenium.SearchTest" tests="1" failures="0" timestamp="7 Aug 2014 13:18:37 GMT" time="2.308" errors="0">
  <testcase name="testUntitled" time="2.308" classname="ru.st.selenium.SearchTest"/>
</testsuite> <!-- ru.st.selenium.SearchTest -->
